<?xml version="1.0" encoding="UTF-8"?>
<!-- Generated by org.testng.reporters.JUnitReportReporter -->
<testsuite hostname="DESKTOP-AHPFT33" failures="0" tests="1" name="student.Student_attendanceHistory_SMSTest" time="2.473" errors="0" timestamp="2023-07-13T18:17:17 IST" skipped="0">
  <testcase classname="student.Student_attendanceHistory_SMSTest" name="AttHistoryTest" time="2.473"/>
  <system-out/>
</testsuite> <!-- student.Student_attendanceHistory_SMSTest -->
